<?xml version="1.0" encoding="UTF-8"?>
<!-- Generated by org.testng.reporters.JUnitXMLReporter -->
<testsuite hostname="AbdussalamAbduH" name="Default test(failed)" tests="1" failures="1" timestamp="8 May 2015 21:42:27 GMT" time="0.172" errors="0">
  <testcase name="userEntityTest" time="0.158" classname="com.FCI.SWE.Models.UserEntityTest">
    <failure type="java.lang.NullPointerException" message="No API environment is registered for this thread.">
      <![CDATA[java.lang.NullPointerException: No API environment is registered for this thread.
	at com.google.appengine.api.datastore.DatastoreApiHelper.getCurrentAppId(DatastoreApiHelper.java:117)
	at com.google.appengine.api.datastore.DatastoreApiHelper.getCurrentAppIdNamespace(DatastoreApiHelper.java:133)
	at com.google.appengine.api.datastore.Query.<init>(Query.java:215)
	at com.google.appengine.api.datastore.Query.<init>(Query.java:144)
	at com.FCI.SWE.Models.UserEntity.getUserOnly(UserEntity.java:141)
	at com.FCI.SWE.Models.UserEntityTest.userEntityTest(UserEntityTest.java:81)
... Removed 24 stack frames]]>
    </failure>
  </testcase> <!-- userEntityTest -->
</testsuite> <!-- Default test(failed) -->
